2024-02-03 17:55:20.149 [info] Experiment 'pythonRecommendTensorboardExt' is active
2024-02-03 17:55:20.149 [info] Experiment 'pythonREPLSmartSend' is active
2024-02-03 17:55:20.149 [info] Experiment 'pythonSurveyNotification' is active
2024-02-03 17:55:20.149 [info] Experiment 'pythonTerminalEnvVarActivationcf' is active
2024-02-03 17:55:20.149 [info] Experiment 'pythonTestAdapter' is active
2024-02-03 17:55:20.149 [info] Default formatter is set to ms-python.black-formatter for workspace /home/1nuno/Desktop/personal
2024-02-03 17:55:20.149 [info] Test server listening.
2024-02-03 17:55:20.149 [info] Python interpreter path: /bin/python
2024-02-03 17:55:20.188 [warning] Retry failed, storage update failed for key PYTHON_GLOBAL_STORAGE_KEYS
2024-02-03 17:55:20.188 [warning] Retry failed, storage update failed for key PYTHON_GLOBAL_STORAGE_KEYS
2024-02-03 17:55:20.188 [warning] Retry failed, storage update failed for key PYTHON_WORKSPACE_STORAGE_KEYS
2024-02-03 17:55:20.188 [warning] Retry failed, storage update failed for key PYTHON_WORKSPACE_STORAGE_KEYS
2024-02-03 17:55:20.188 [warning] Retry failed, storage update failed for key PYTHON_WORKSPACE_STORAGE_KEYS
2024-02-03 17:55:20.211 [info] > /bin/python -I ~/.vscode/extensions/ms-python.python-2024.0.0/pythonFiles/get_output_via_markers.py ~/.vscode/extensions/ms-python.python-2024.0.0/pythonFiles/interpreterInfo.py
2024-02-03 17:55:21.458 [info] Starting Pylance language server.
2024-02-03 18:33:01.309 [info] Discover tests for workspace name: undefined - uri: /home/1nuno/.config/Code/User/settings.json
2024-02-03 18:33:04.956 [info] Discover tests for workspace name: undefined - uri: /home/1nuno/.config/Code/User/settings.json
2024-02-03 18:33:06.335 [info] Discover tests for workspace name: undefined - uri: /home/1nuno/.config/Code/User/settings.json
2024-02-03 18:33:06.771 [info] Discover tests for workspace name: undefined - uri: /home/1nuno/.config/Code/User/settings.json
2024-02-03 18:33:07.681 [info] Discover tests for workspace name: undefined - uri: /home/1nuno/.config/Code/User/settings.json
2024-02-03 18:33:08.093 [info] Discover tests for workspace name: undefined - uri: /home/1nuno/.config/Code/User/settings.json
2024-02-03 18:33:09.486 [info] Discover tests for workspace name: undefined - uri: /home/1nuno/.config/Code/User/settings.json
2024-02-03 18:33:12.350 [info] Discover tests for workspace name: undefined - uri: /home/1nuno/.config/Code/User/settings.json
2024-02-03 18:33:13.130 [info] Discover tests for workspace name: undefined - uri: /home/1nuno/.config/Code/User/settings.json
2024-02-03 18:33:14.218 [info] Discover tests for workspace name: undefined - uri: /home/1nuno/.config/Code/User/settings.json
2024-02-03 18:33:15.414 [info] Discover tests for workspace name: undefined - uri: /home/1nuno/.config/Code/User/settings.json
2024-02-03 18:33:19.097 [info] Discover tests for workspace name: undefined - uri: /home/1nuno/.config/Code/User/settings.json
2024-02-03 18:33:19.926 [info] Discover tests for workspace name: undefined - uri: /home/1nuno/.config/Code/User/settings.json
