2024-02-03 19:48:10.978 [info] Extension host with pid 3088 started
2024-02-03 19:48:10.978 [info] Skipping acquiring lock for /home/1nuno/.config/Code/User/workspaceStorage/f34d6a63e5f4fd58a16b7fcd8980b3b0.
2024-02-03 19:48:11.051 [info] ExtensionService#_doActivateExtension mechatroner.rainbow-csv, startup: false, activationEvent: 'onLanguage:plaintext'
2024-02-03 19:48:11.057 [info] ExtensionService#_doActivateExtension vscode.emmet, startup: false, activationEvent: 'onLanguage'
2024-02-03 19:48:11.136 [info] Extension host with pid 3107 started
2024-02-03 19:48:11.136 [info] Skipping acquiring lock for /home/1nuno/.config/Code/User/workspaceStorage/f34d6a63e5f4fd58a16b7fcd8980b3b0.
2024-02-03 19:48:11.142 [info] Eager extensions activated
2024-02-03 19:48:11.149 [info] ExtensionService#_doActivateExtension vscodevim.vim, startup: false, activationEvent: 'onStartupFinished'
2024-02-03 19:48:12.018 [info] ExtensionService#_doActivateExtension vscode.git-base, startup: true, activationEvent: '*', root cause: vscode.git
2024-02-03 19:48:12.040 [info] ExtensionService#_doActivateExtension vscode.git, startup: true, activationEvent: '*'
2024-02-03 19:48:12.065 [info] ExtensionService#_doActivateExtension vscode.github, startup: true, activationEvent: '*'
2024-02-03 19:48:12.115 [info] ExtensionService#_doActivateExtension ms-python.python, startup: true, activationEvent: 'workspaceContains:*.py', root cause: ms-python.black-formatter
2024-02-03 19:48:12.270 [info] ExtensionService#_doActivateExtension ms-python.black-formatter, startup: true, activationEvent: 'workspaceContains:*.py'
2024-02-03 19:48:12.307 [info] Eager extensions activated
2024-02-03 19:48:12.323 [info] ExtensionService#_doActivateExtension vscode.debug-auto-launch, startup: false, activationEvent: 'onStartupFinished'
2024-02-03 19:48:12.325 [info] ExtensionService#_doActivateExtension vscode.merge-conflict, startup: false, activationEvent: 'onStartupFinished'
2024-02-03 19:48:12.353 [info] ExtensionService#_doActivateExtension ms-python.vscode-pylance, startup: false, activationEvent: 'api', root cause: ms-python.python
2024-02-03 19:48:19.876 [info] Extension host terminating: renderer closed the MessagePort
2024-02-03 19:48:19.878 [info] Extension host terminating: renderer closed the MessagePort
2024-02-03 19:48:19.878 [info] Extension host with pid 3107 exiting with code 0
2024-02-03 19:48:19.902 [info] Extension host with pid 3088 exiting with code 0
2024-02-03 19:48:20.543 [info] Extension host with pid 3247 started
2024-02-03 19:48:20.543 [info] Skipping acquiring lock for /home/1nuno/.config/Code/User/workspaceStorage/f34d6a63e5f4fd58a16b7fcd8980b3b0.
2024-02-03 19:48:20.563 [info] ExtensionService#_doActivateExtension mechatroner.rainbow-csv, startup: false, activationEvent: 'onLanguage:plaintext'
2024-02-03 19:48:20.566 [info] ExtensionService#_doActivateExtension vscode.emmet, startup: false, activationEvent: 'onLanguage'
2024-02-03 19:48:21.555 [info] ExtensionService#_doActivateExtension vscode.git-base, startup: true, activationEvent: '*', root cause: vscode.git
2024-02-03 19:48:21.566 [info] ExtensionService#_doActivateExtension vscode.git, startup: true, activationEvent: '*'
2024-02-03 19:48:21.580 [info] ExtensionService#_doActivateExtension vscode.github, startup: true, activationEvent: '*'
2024-02-03 19:48:21.639 [info] ExtensionService#_doActivateExtension ms-python.python, startup: true, activationEvent: 'workspaceContains:*.py', root cause: ms-python.black-formatter
2024-02-03 19:48:21.783 [info] ExtensionService#_doActivateExtension ms-python.black-formatter, startup: true, activationEvent: 'workspaceContains:*.py'
2024-02-03 19:48:21.806 [info] Eager extensions activated
2024-02-03 19:48:21.823 [info] ExtensionService#_doActivateExtension vscode.debug-auto-launch, startup: false, activationEvent: 'onStartupFinished'
2024-02-03 19:48:21.824 [info] ExtensionService#_doActivateExtension vscode.merge-conflict, startup: false, activationEvent: 'onStartupFinished'
2024-02-03 19:48:21.858 [info] ExtensionService#_doActivateExtension ms-python.vscode-pylance, startup: false, activationEvent: 'api', root cause: ms-python.python
