2024-01-31 13:19:47.684 [info] Extension host with pid 129267 started
2024-01-31 13:19:47.684 [info] Skipping acquiring lock for /home/1nuno/.config/Code/User/workspaceStorage/4127e024b4be9fc47339204d8c98ac2e.
2024-01-31 13:19:47.731 [info] ExtensionService#_doActivateExtension mechatroner.rainbow-csv, startup: false, activationEvent: 'onLanguage:plaintext'
2024-01-31 13:19:47.737 [info] ExtensionService#_doActivateExtension vscode.emmet, startup: false, activationEvent: 'onLanguage'
2024-01-31 13:19:47.744 [info] ExtensionService#_doActivateExtension ms-python.python, startup: false, activationEvent: 'onLanguage:python', root cause: ms-python.black-formatter
2024-01-31 13:19:47.827 [info] ExtensionService#_doActivateExtension ms-toolsai.jupyter, startup: false, activationEvent: 'onLanguage:python'
2024-01-31 13:19:47.861 [info] Extension host with pid 129298 started
2024-01-31 13:19:47.861 [info] Skipping acquiring lock for /home/1nuno/.config/Code/User/workspaceStorage/4127e024b4be9fc47339204d8c98ac2e.
2024-01-31 13:19:47.864 [info] ExtensionService#_doActivateExtension vscodevim.vim, startup: false, activationEvent: 'onLanguage:Vimscript'
2024-01-31 13:19:48.024 [info] Eager extensions activated
2024-01-31 13:19:48.249 [info] ExtensionService#_doActivateExtension ms-toolsai.jupyter-renderers, startup: false, activationEvent: 'api', root cause: ms-toolsai.jupyter
2024-01-31 13:19:48.360 [info] ExtensionService#_doActivateExtension ms-python.black-formatter, startup: false, activationEvent: 'onLanguage:python'
2024-01-31 13:19:48.371 [info] ExtensionService#_doActivateExtension ms-python.vscode-pylance, startup: false, activationEvent: 'onLanguage:python'
2024-01-31 13:19:48.816 [info] ExtensionService#_doActivateExtension vscode.git-base, startup: true, activationEvent: '*', root cause: vscode.git
2024-01-31 13:19:48.914 [info] ExtensionService#_doActivateExtension vscode.git, startup: true, activationEvent: '*'
2024-01-31 13:19:48.962 [info] ExtensionService#_doActivateExtension vscode.github, startup: true, activationEvent: '*'
2024-01-31 13:19:49.044 [info] Eager extensions activated
2024-01-31 13:19:49.077 [info] ExtensionService#_doActivateExtension vscode.debug-auto-launch, startup: false, activationEvent: 'onStartupFinished'
2024-01-31 13:19:49.079 [info] ExtensionService#_doActivateExtension vscode.merge-conflict, startup: false, activationEvent: 'onStartupFinished'
2024-02-01 12:41:26.113 [info] Extension host terminating: renderer closed the MessagePort
2024-02-01 12:41:26.116 [info] Extension host terminating: renderer closed the MessagePort
2024-02-01 12:41:26.127 [error] TypeError: r.some is not a function
	at d.saveToDisk (/home/1nuno/.vscode/extensions/vscodevim.vim-1.27.2/out/extension.js:2:675367)
	at t.deactivate (/home/1nuno/.vscode/extensions/vscodevim.vim-1.27.2/out/extension.js:2:213749)
	at f.cb (/usr/share/code/resources/app/out/vs/workbench/api/node/extensionHostProcess.js:154:9678)
	at /usr/share/code/resources/app/out/vs/workbench/api/node/extensionHostProcess.js:154:7808
	at Array.map (<anonymous>)
	at f.Y (/usr/share/code/resources/app/out/vs/workbench/api/node/extensionHostProcess.js:154:7795)
	at f.terminate (/usr/share/code/resources/app/out/vs/workbench/api/node/extensionHostProcess.js:154:8068)
	at s.terminate (/usr/share/code/resources/app/out/vs/workbench/api/node/extensionHostProcess.js:158:1513)
	at a (/usr/share/code/resources/app/out/vs/workbench/api/node/extensionHostProcess.js:171:9802)
	at MessagePortMain.<anonymous> (/usr/share/code/resources/app/out/vs/workbench/api/node/extensionHostProcess.js:171:6227)
	at MessagePortMain.emit (node:events:513:28)
	at MessagePortMain._internalPort.emit (node:electron/js2c/utility_init:2:367)
2024-02-01 12:41:26.128 [info] Extension host with pid 129298 exiting with code 0
2024-02-01 12:41:26.180 [info] Extension host with pid 129267 exiting with code 0
