2024-02-03 17:38:12.187 [info] Extension host with pid 10817 started
2024-02-03 17:38:12.187 [info] Skipping acquiring lock for /home/1nuno/.config/Code/User/workspaceStorage/4127e024b4be9fc47339204d8c98ac2e.
2024-02-03 17:38:12.237 [info] ExtensionService#_doActivateExtension mechatroner.rainbow-csv, startup: false, activationEvent: 'onLanguage:plaintext'
2024-02-03 17:38:12.242 [info] ExtensionService#_doActivateExtension vscode.emmet, startup: false, activationEvent: 'onLanguage'
2024-02-03 17:38:12.248 [info] ExtensionService#_doActivateExtension vscode.extension-editing, startup: false, activationEvent: 'onLanguage:json'
2024-02-03 17:38:12.253 [info] ExtensionService#_doActivateExtension vscode.json-language-features, startup: false, activationEvent: 'onLanguage:json'
2024-02-03 17:38:12.271 [info] ExtensionService#_doActivateExtension vscode.npm, startup: false, activationEvent: 'onLanguage:json'
2024-02-03 17:38:12.382 [info] Extension host with pid 10847 started
2024-02-03 17:38:12.382 [info] Skipping acquiring lock for /home/1nuno/.config/Code/User/workspaceStorage/4127e024b4be9fc47339204d8c98ac2e.
2024-02-03 17:38:12.388 [info] Eager extensions activated
2024-02-03 17:38:12.395 [info] ExtensionService#_doActivateExtension vscodevim.vim, startup: false, activationEvent: 'onStartupFinished'
2024-02-03 17:38:13.212 [info] ExtensionService#_doActivateExtension vscode.git-base, startup: true, activationEvent: '*', root cause: vscode.git
2024-02-03 17:38:13.217 [info] ExtensionService#_doActivateExtension vscode.git, startup: true, activationEvent: '*'
2024-02-03 17:38:13.232 [info] ExtensionService#_doActivateExtension vscode.github, startup: true, activationEvent: '*'
2024-02-03 17:38:13.272 [info] Eager extensions activated
2024-02-03 17:38:13.292 [info] ExtensionService#_doActivateExtension vscode.debug-auto-launch, startup: false, activationEvent: 'onStartupFinished'
2024-02-03 17:38:13.294 [info] ExtensionService#_doActivateExtension vscode.merge-conflict, startup: false, activationEvent: 'onStartupFinished'
2024-02-03 17:38:14.275 [error] Error: ENOENT: no such file or directory, scandir '/home/1nuno/Desktop/tokenizers'
2024-02-03 17:54:58.961 [info] Extension host terminating: renderer closed the MessagePort
2024-02-03 17:54:58.963 [info] Extension host with pid 10847 exiting with code 0
2024-02-03 17:54:58.963 [info] Extension host terminating: renderer closed the MessagePort
2024-02-03 17:54:58.978 [info] Extension host with pid 10817 exiting with code 0
2024-02-03 17:54:59.751 [info] Extension host with pid 11204 started
2024-02-03 17:54:59.781 [info] ExtensionService#_doActivateExtension vscode.git-base, startup: true, activationEvent: '*', root cause: vscode.git
2024-02-03 17:54:59.818 [info] ExtensionService#_doActivateExtension vscode.git, startup: true, activationEvent: '*'
2024-02-03 17:54:59.839 [info] ExtensionService#_doActivateExtension vscode.github, startup: true, activationEvent: '*'
2024-02-03 17:54:59.885 [info] ExtensionService#_doActivateExtension rlivings39.fzf-quick-open, startup: false, activationEvent: 'onCommand:fzf-quick-open.runFzfAddWorkspaceFolder'
2024-02-03 17:54:59.907 [info] Eager extensions activated
2024-02-03 17:54:59.938 [info] ExtensionService#_doActivateExtension vscode.debug-auto-launch, startup: false, activationEvent: 'onStartupFinished'
2024-02-03 17:54:59.942 [info] ExtensionService#_doActivateExtension vscode.merge-conflict, startup: false, activationEvent: 'onStartupFinished'
2024-02-03 17:55:00.041 [info] Extension host with pid 11224 started
2024-02-03 17:55:00.046 [info] Eager extensions activated
2024-02-03 17:55:00.089 [info] ExtensionService#_doActivateExtension vscodevim.vim, startup: false, activationEvent: 'onStartupFinished'
2024-02-03 17:55:19.122 [info] Extension host terminating: renderer closed the MessagePort
2024-02-03 17:55:19.124 [info] Extension host terminating: renderer closed the MessagePort
2024-02-03 17:55:19.125 [info] Extension host with pid 11224 exiting with code 0
2024-02-03 17:55:19.136 [info] Extension host with pid 11204 exiting with code 0
2024-02-03 17:55:19.634 [info] Extension host with pid 11651 started
2024-02-03 17:55:19.634 [info] Skipping acquiring lock for /home/1nuno/.config/Code/User/workspaceStorage/f34d6a63e5f4fd58a16b7fcd8980b3b0.
2024-02-03 17:55:19.643 [info] ExtensionService#_doActivateExtension rlivings39.fzf-quick-open, startup: false, activationEvent: 'onCommand:fzf-quick-open.runFzfAddWorkspaceFolder'
2024-02-03 17:55:19.646 [info] ExtensionService#_doActivateExtension vscode.git-base, startup: false, activationEvent: '*', root cause: vscode.git
2024-02-03 17:55:19.661 [info] Extension host with pid 11652 started
2024-02-03 17:55:19.661 [info] Skipping acquiring lock for /home/1nuno/.config/Code/User/workspaceStorage/f34d6a63e5f4fd58a16b7fcd8980b3b0.
2024-02-03 17:55:19.666 [info] Eager extensions activated
2024-02-03 17:55:19.683 [info] ExtensionService#_doActivateExtension vscodevim.vim, startup: false, activationEvent: 'onStartupFinished'
2024-02-03 17:55:19.689 [info] ExtensionService#_doActivateExtension vscode.git, startup: false, activationEvent: '*'
2024-02-03 17:55:19.705 [info] ExtensionService#_doActivateExtension vscode.github, startup: false, activationEvent: '*'
2024-02-03 17:55:19.803 [info] ExtensionService#_doActivateExtension ms-python.python, startup: true, activationEvent: 'workspaceContains:*.py', root cause: ms-python.black-formatter
2024-02-03 17:55:20.100 [info] ExtensionService#_doActivateExtension ms-python.black-formatter, startup: true, activationEvent: 'workspaceContains:*.py'
2024-02-03 17:55:20.148 [info] Eager extensions activated
2024-02-03 17:55:20.165 [info] ExtensionService#_doActivateExtension vscode.debug-auto-launch, startup: false, activationEvent: 'onStartupFinished'
2024-02-03 17:55:20.166 [info] ExtensionService#_doActivateExtension vscode.merge-conflict, startup: false, activationEvent: 'onStartupFinished'
2024-02-03 17:55:20.252 [info] ExtensionService#_doActivateExtension ms-python.vscode-pylance, startup: false, activationEvent: 'api', root cause: ms-python.python
2024-02-03 17:55:23.052 [info] ExtensionService#_doActivateExtension mechatroner.rainbow-csv, startup: false, activationEvent: 'onLanguage:plaintext'
2024-02-03 17:55:23.055 [info] ExtensionService#_doActivateExtension vscode.emmet, startup: false, activationEvent: 'onLanguage'
2024-02-03 18:01:48.163 [info] ExtensionService#_doActivateExtension vscode.npm, startup: false, activationEvent: 'onTerminalQuickFixRequest:ms-vscode.npm-command'
2024-02-03 18:33:00.627 [info] ExtensionService#_doActivateExtension vscode.json-language-features, startup: false, activationEvent: 'onLanguage:jsonc'
2024-02-03 18:33:00.643 [info] ExtensionService#_doActivateExtension vscode.typescript-language-features, startup: false, activationEvent: 'onLanguage:jsonc'
