2024-01-31 13:19:49.134 [info] Log level: Info
2024-01-31 13:19:49.134 [info] Validating found git in: "git"
2024-01-31 13:19:49.134 [info] Using git "2.43.0" from "git"
2024-01-31 13:19:49.134 [info] > git rev-parse --show-toplevel [8ms]
2024-01-31 13:19:49.134 [info] fatal: not a git repository (or any parent up to mount point /)
Stopping at filesystem boundary (GIT_DISCOVERY_ACROSS_FILESYSTEM not set).
2024-01-31 13:19:49.134 [info] > git rev-parse --show-toplevel [30ms]
2024-01-31 13:19:49.134 [info] fatal: not a git repository (or any parent up to mount point /)
Stopping at filesystem boundary (GIT_DISCOVERY_ACROSS_FILESYSTEM not set).
2024-01-31 13:19:54.476 [info] > git rev-parse --show-toplevel [3ms]
2024-01-31 13:19:54.476 [info] fatal: not a git repository (or any parent up to mount point /)
Stopping at filesystem boundary (GIT_DISCOVERY_ACROSS_FILESYSTEM not set).
2024-01-31 13:20:32.942 [info] > git rev-parse --show-toplevel [3ms]
2024-01-31 13:20:32.942 [info] fatal: not a git repository (or any parent up to mount point /)
Stopping at filesystem boundary (GIT_DISCOVERY_ACROSS_FILESYSTEM not set).
2024-01-31 13:21:13.760 [info] > git rev-parse --show-toplevel [2ms]
2024-01-31 13:21:13.760 [info] fatal: not a git repository (or any parent up to mount point /)
Stopping at filesystem boundary (GIT_DISCOVERY_ACROSS_FILESYSTEM not set).
2024-01-31 13:21:35.232 [info] > git rev-parse --show-toplevel [2ms]
2024-01-31 13:21:35.232 [info] fatal: not a git repository (or any parent up to mount point /)
Stopping at filesystem boundary (GIT_DISCOVERY_ACROSS_FILESYSTEM not set).
2024-01-31 21:16:17.834 [info] > git rev-parse --show-toplevel [5ms]
2024-01-31 21:16:17.835 [info] fatal: not a git repository (or any parent up to mount point /)
Stopping at filesystem boundary (GIT_DISCOVERY_ACROSS_FILESYSTEM not set).
2024-02-01 10:52:30.730 [warning] Failed to get repository realpath for: "/home/1nuno/Desktop/tokenizers". Error: ENOENT: no such file or directory, realpath '/home/1nuno/Desktop/tokenizers'
2024-02-01 10:53:03.873 [warning] Failed to get repository realpath for: "/home/1nuno/Desktop/tokenizers". Error: ENOENT: no such file or directory, realpath '/home/1nuno/Desktop/tokenizers'
