2024-02-01 01:03:53.100 [info] Added views:workbench.panel.markers.view in workbench.panel.markers
2024-02-01 01:03:53.101 [info] Added views:workbench.panel.output in workbench.panel.output
2024-02-01 01:03:53.101 [info] Added views:terminal in terminal
2024-02-01 01:03:53.101 [info] Added views:workbench.scm in workbench.view.scm
2024-02-01 01:03:53.101 [info] Added views:workbench.view.search in workbench.view.search
2024-02-01 01:03:53.101 [info] Added views:workbench.explorer.emptyView in workbench.view.explorer
2024-02-01 01:03:53.346 [info] Added views:workbench.debug.variablesView,workbench.debug.watchExpressionsView,workbench.debug.callStackView in workbench.view.debug
2024-02-01 01:03:53.514 [info] Added views:workbench.panel.repl.view in workbench.panel.repl
2024-02-01 01:03:53.515 [info] Removed views:workbench.debug.callStackView,workbench.debug.watchExpressionsView,workbench.debug.variablesView from workbench.view.debug
2024-02-01 01:03:53.516 [info] Added views:workbench.debug.welcome in workbench.view.debug
2024-02-01 01:03:53.571 [info] Added views:~remote.forwardedPorts in ~remote.forwardedPortsContainer
2024-02-01 01:08:07.804 [info] Added views:workbench.explorer.fileView in workbench.view.explorer
2024-02-01 01:08:07.813 [info] Removed views:workbench.explorer.emptyView from workbench.view.explorer
2024-02-01 01:08:08.055 [info] Removed views:workbench.panel.repl.view from workbench.panel.repl
2024-02-01 01:08:08.173 [info] Added views:workbench.panel.repl.view in workbench.panel.repl
2024-02-01 10:52:07.660 [info] Added views:workbench.view.testing in workbench.view.extension.test
2024-02-01 10:52:10.668 [info] Added views:workbench.views.extensions.installed,workbench.views.extensions.popular,extensions.recommendedList in workbench.view.extensions
2024-02-01 10:52:10.669 [info] Removed views:workbench.views.extensions.popular from workbench.view.extensions
2024-02-01 10:52:11.235 [info] Removed views:extensions.recommendedList,workbench.views.extensions.installed from workbench.view.extensions
2024-02-01 10:52:11.240 [info] Added views:workbench.views.extensions.marketplace in workbench.view.extensions
2024-02-01 10:52:40.802 [info] Removed views:workbench.views.extensions.marketplace from workbench.view.extensions
2024-02-01 10:52:40.808 [info] Added views:workbench.views.extensions.installed,extensions.recommendedList in workbench.view.extensions
2024-02-01 12:15:33.500 [info] Removed views:workbench.view.testing from workbench.view.extension.test
