2024-02-03 19:48:12.281 [info] Log level: Info
2024-02-03 19:48:12.281 [info] Validating found git in: "git"
2024-02-03 19:48:12.281 [info] Using git "2.43.0" from "git"
2024-02-03 19:48:12.281 [info] > git rev-parse --show-toplevel [33ms]
2024-02-03 19:48:12.281 [info] fatal: not a git repository (or any parent up to mount point /)
Stopping at filesystem boundary (GIT_DISCOVERY_ACROSS_FILESYSTEM not set).
2024-02-03 19:48:12.281 [info] > git rev-parse --show-toplevel [26ms]
2024-02-03 19:48:12.281 [info] fatal: not a git repository (or any parent up to mount point /)
Stopping at filesystem boundary (GIT_DISCOVERY_ACROSS_FILESYSTEM not set).
2024-02-03 19:48:12.282 [info] > git rev-parse --show-toplevel [16ms]
2024-02-03 19:48:12.282 [info] fatal: not a git repository (or any parent up to mount point /)
Stopping at filesystem boundary (GIT_DISCOVERY_ACROSS_FILESYSTEM not set).
2024-02-03 19:48:12.314 [info] > git rev-parse --show-toplevel [10ms]
2024-02-03 19:48:12.314 [info] fatal: not a git repository (or any parent up to mount point /)
Stopping at filesystem boundary (GIT_DISCOVERY_ACROSS_FILESYSTEM not set).
2024-02-03 19:48:12.339 [info] > git rev-parse --show-toplevel [19ms]
2024-02-03 19:48:12.339 [info] fatal: not a git repository (or any parent up to mount point /)
Stopping at filesystem boundary (GIT_DISCOVERY_ACROSS_FILESYSTEM not set).
2024-02-03 19:48:12.518 [info] > git rev-parse --show-toplevel [167ms]
2024-02-03 19:48:12.518 [info] fatal: not a git repository (or any parent up to mount point /)
Stopping at filesystem boundary (GIT_DISCOVERY_ACROSS_FILESYSTEM not set).
2024-02-03 19:48:12.531 [info] > git rev-parse --show-toplevel [4ms]
2024-02-03 19:48:12.531 [info] fatal: not a git repository (or any parent up to mount point /)
Stopping at filesystem boundary (GIT_DISCOVERY_ACROSS_FILESYSTEM not set).
2024-02-03 19:48:21.724 [info] Log level: Info
2024-02-03 19:48:21.724 [info] Validating found git in: "git"
2024-02-03 19:48:21.724 [info] Using git "2.43.0" from "git"
2024-02-03 19:48:21.724 [info] > git rev-parse --show-toplevel [6ms]
2024-02-03 19:48:21.724 [info] fatal: not a git repository (or any parent up to mount point /)
Stopping at filesystem boundary (GIT_DISCOVERY_ACROSS_FILESYSTEM not set).
2024-02-03 19:48:21.726 [info] > git rev-parse --show-toplevel [23ms]
2024-02-03 19:48:21.726 [info] fatal: not a git repository (or any parent up to mount point /)
Stopping at filesystem boundary (GIT_DISCOVERY_ACROSS_FILESYSTEM not set).
2024-02-03 19:48:21.737 [info] > git rev-parse --show-toplevel [4ms]
2024-02-03 19:48:21.737 [info] fatal: not a git repository (or any parent up to mount point /)
Stopping at filesystem boundary (GIT_DISCOVERY_ACROSS_FILESYSTEM not set).
2024-02-03 19:48:21.782 [info] > git rev-parse --show-toplevel [16ms]
2024-02-03 19:48:21.782 [info] fatal: not a git repository (or any parent up to mount point /)
Stopping at filesystem boundary (GIT_DISCOVERY_ACROSS_FILESYSTEM not set).
2024-02-03 19:48:21.804 [info] > git rev-parse --show-toplevel [5ms]
2024-02-03 19:48:21.804 [info] fatal: not a git repository (or any parent up to mount point /)
Stopping at filesystem boundary (GIT_DISCOVERY_ACROSS_FILESYSTEM not set).
2024-02-03 19:48:21.822 [info] > git rev-parse --show-toplevel [9ms]
2024-02-03 19:48:21.822 [info] fatal: not a git repository (or any parent up to mount point /)
Stopping at filesystem boundary (GIT_DISCOVERY_ACROSS_FILESYSTEM not set).
2024-02-03 19:48:21.856 [info] > git rev-parse --show-toplevel [9ms]
2024-02-03 19:48:21.856 [info] fatal: not a git repository (or any parent up to mount point /)
Stopping at filesystem boundary (GIT_DISCOVERY_ACROSS_FILESYSTEM not set).
