2024-01-31 13:19:47.981 [error] undefined missing 'after' key or 'commands'.
2024-01-31 13:19:47.981 [error] Remapping of 'undefined' should be a string array.
2024-01-31 13:19:48.373 [info] Configuration changed
2024-01-31 13:19:48.375 [error] undefined missing 'after' key or 'commands'.
2024-01-31 13:19:48.375 [error] Remapping of 'undefined' should be a string array.
2024-01-31 13:19:48.634 [info] Configuration changed
2024-01-31 13:19:48.637 [error] undefined missing 'after' key or 'commands'.
2024-01-31 13:19:48.637 [error] Remapping of 'undefined' should be a string array.
2024-01-31 13:19:54.449 [info] /home/1nuno/Desktop/obsidian/.obsidian.vimrc closed
2024-01-31 13:19:54.455 [info] Active editor: file:///home/1nuno/Desktop/professional/byTheLaw/organizar_depois/pgdl/scrape_links.py
2024-01-31 13:20:32.925 [info] Active editor: file:///home/1nuno/Desktop/obsidian/.obsidian.vimrc
2024-01-31 13:21:11.953 [info] Executing :w
2024-01-31 13:21:13.740 [info] /home/1nuno/Desktop/obsidian/.obsidian.vimrc closed
2024-01-31 13:21:13.746 [info] Active editor: file:///home/1nuno/Desktop/professional/byTheLaw/organizar_depois/pgdl/scrape_links.py
2024-01-31 13:21:35.220 [info] Active editor: file:///home/1nuno/Desktop/obsidian/.obsidian.vimrc
2024-01-31 13:22:39.164 [info] Executing :w
2024-01-31 21:16:17.801 [info] /home/1nuno/Desktop/obsidian/.obsidian.vimrc closed
2024-01-31 21:16:17.814 [info] Active editor: file:///home/1nuno/Desktop/professional/byTheLaw/organizar_depois/pgdl/scrape_links.py
2024-01-31 21:16:26.584 [info] /home/1nuno/Desktop/professional/byTheLaw/organizar_depois/pgdl/scrape_links.py closed
2024-02-01 10:52:30.731 [info] Configuration changed
2024-02-01 10:52:30.738 [error] undefined missing 'after' key or 'commands'.
2024-02-01 10:52:30.738 [error] Remapping of 'undefined' should be a string array.
2024-02-01 10:53:03.872 [info] Configuration changed
2024-02-01 10:53:03.873 [error] undefined missing 'after' key or 'commands'.
2024-02-01 10:53:03.873 [error] Remapping of 'undefined' should be a string array.
