2024-02-03 17:38:16.742 [info] Getting Manifest... ms-python.black-formatter
2024-02-03 17:38:16.743 [info] Getting Manifest... ms-python.python
2024-02-03 17:38:16.928 [info] Installing extension: ms-python.black-formatter
2024-02-03 17:38:16.928 [info] Installing extension: ms-python.python
2024-02-03 17:38:17.345 [info] Getting Manifest... ms-python.python
2024-02-03 17:38:17.505 [info] Getting Manifest... ms-python.debugpy
2024-02-03 17:38:17.548 [info] Getting Manifest... ms-python.debugpy
2024-02-03 17:38:17.607 [info] Waiting for already requested installing extension ms-python.python ms-python.black-formatter
2024-02-03 17:38:17.607 [info] Installing extension: ms-python.debugpy ms-python.black-formatter
2024-02-03 17:38:20.161 [info] Extension signature is verified: ms-python.debugpy
2024-02-03 17:38:20.648 [info] Extracted extension to file:///home/1nuno/.vscode/extensions/ms-python.debugpy-2024.0.0-linux-x64: ms-python.debugpy
2024-02-03 17:38:20.661 [info] Renamed to /home/1nuno/.vscode/extensions/ms-python.debugpy-2024.0.0-linux-x64
2024-02-03 17:38:20.662 [info] Extracting extension completed. ms-python.debugpy
2024-02-03 17:38:20.747 [error] [uncaught exception in sharedProcess]: Error: ENOENT: no such file or directory, stat '/home/1nuno/.vscode/extensions/extensions.json.vsctmp': EntryNotFound (FileSystemError): Error: ENOENT: no such file or directory, stat '/home/1nuno/.vscode/extensions/extensions.json.vsctmp'
    at r.create (/usr/share/code/resources/app/out/vs/code/node/sharedProcess/sharedProcessMain.js:51:30056)
    at a (/usr/share/code/resources/app/out/vs/code/node/sharedProcess/sharedProcessMain.js:51:30170)
    at s.fb (/usr/share/code/resources/app/out/vs/code/node/sharedProcess/sharedProcessMain.js:56:36175)
    at s.stat (/usr/share/code/resources/app/out/vs/code/node/sharedProcess/sharedProcessMain.js:56:28621)
    at async E.stat (/usr/share/code/resources/app/out/vs/code/node/sharedProcess/sharedProcessMain.js:56:15732)
    at async Y.tb (/usr/share/code/resources/app/out/vs/code/node/sharedProcess/sharedProcessMain.js:100:111319)
2024-02-03 17:38:20.955 [info] Extension signature is verified: ms-python.python
2024-02-03 17:38:21.813 [info] Extension signature is verified: ms-python.black-formatter
2024-02-03 17:38:22.049 [info] Extracted extension to file:///home/1nuno/.vscode/extensions/ms-python.black-formatter-2024.0.0: ms-python.black-formatter
2024-02-03 17:38:22.053 [info] Renamed to /home/1nuno/.vscode/extensions/ms-python.black-formatter-2024.0.0
2024-02-03 17:38:22.055 [info] Extracting extension completed. ms-python.black-formatter
2024-02-03 17:38:22.066 [info] Marked extension as uninstalled ms-python.black-formatter-2023.6.0
2024-02-03 17:38:22.136 [error] [uncaught exception in sharedProcess]: Error: ENOENT: no such file or directory, stat '/home/1nuno/.vscode/extensions/extensions.json.vsctmp': EntryNotFound (FileSystemError): Error: ENOENT: no such file or directory, stat '/home/1nuno/.vscode/extensions/extensions.json.vsctmp'
    at r.create (/usr/share/code/resources/app/out/vs/code/node/sharedProcess/sharedProcessMain.js:51:30056)
    at a (/usr/share/code/resources/app/out/vs/code/node/sharedProcess/sharedProcessMain.js:51:30170)
    at s.fb (/usr/share/code/resources/app/out/vs/code/node/sharedProcess/sharedProcessMain.js:56:36175)
    at s.stat (/usr/share/code/resources/app/out/vs/code/node/sharedProcess/sharedProcessMain.js:56:28621)
    at async E.stat (/usr/share/code/resources/app/out/vs/code/node/sharedProcess/sharedProcessMain.js:56:15732)
    at async Y.tb (/usr/share/code/resources/app/out/vs/code/node/sharedProcess/sharedProcessMain.js:100:111319)
2024-02-03 17:38:22.698 [info] Extracted extension to file:///home/1nuno/.vscode/extensions/ms-python.python-2024.0.0: ms-python.python
2024-02-03 17:38:22.710 [info] Renamed to /home/1nuno/.vscode/extensions/ms-python.python-2024.0.0
2024-02-03 17:38:22.713 [info] Extracting extension completed. ms-python.python
2024-02-03 17:38:22.724 [info] Extension installed successfully: ms-python.python
2024-02-03 17:38:22.724 [info] Finished waiting for already requested installing extension ms-python.python ms-python.black-formatter
2024-02-03 17:38:22.725 [info] Extension installed successfully: ms-python.debugpy
2024-02-03 17:38:22.725 [info] Extension installed successfully: ms-python.black-formatter
2024-02-03 17:38:22.729 [info] Marked extension as uninstalled ms-python.python-2023.22.1
2024-02-03 17:38:22.794 [error] [uncaught exception in sharedProcess]: Error: ENOENT: no such file or directory, stat '/home/1nuno/.vscode/extensions/extensions.json.vsctmp': EntryNotFound (FileSystemError): Error: ENOENT: no such file or directory, stat '/home/1nuno/.vscode/extensions/extensions.json.vsctmp'
    at r.create (/usr/share/code/resources/app/out/vs/code/node/sharedProcess/sharedProcessMain.js:51:30056)
    at a (/usr/share/code/resources/app/out/vs/code/node/sharedProcess/sharedProcessMain.js:51:30170)
    at s.fb (/usr/share/code/resources/app/out/vs/code/node/sharedProcess/sharedProcessMain.js:56:36175)
    at s.stat (/usr/share/code/resources/app/out/vs/code/node/sharedProcess/sharedProcessMain.js:56:28621)
    at async E.stat (/usr/share/code/resources/app/out/vs/code/node/sharedProcess/sharedProcessMain.js:56:15732)
    at async Y.tb (/usr/share/code/resources/app/out/vs/code/node/sharedProcess/sharedProcessMain.js:100:111319)
