2024-02-03 19:48:12.528 [info] Name: Black Formatter
2024-02-03 19:48:12.528 [info] Module: black
2024-02-03 19:48:12.528 [info] Default formatter is set to ms-python.black-formatter for workspace /home/1nuno/Desktop/personal
2024-02-03 19:48:12.528 [info] Python extension loading
2024-02-03 19:48:12.528 [info] Waiting for interpreter from python extension.
2024-02-03 19:48:12.528 [info] No interpreter found from setting black-formatter.interpreter
2024-02-03 19:48:12.528 [info] Getting interpreter from ms-python.python extension for workspace /home/1nuno/Desktop/personal
2024-02-03 19:48:12.528 [info] Python extension loaded
2024-02-03 19:48:12.528 [info] Interpreter from ms-python.python extension for /home/1nuno/Desktop/personal: /bin/python
2024-02-03 19:48:12.528 [info] No interpreter found from setting black-formatter.interpreter
2024-02-03 19:48:12.528 [info] Getting interpreter from ms-python.python extension for workspace /home/1nuno/Desktop/personal
2024-02-03 19:48:12.528 [info] Interpreter from ms-python.python extension for /home/1nuno/Desktop/personal: /bin/python
2024-02-03 19:48:12.528 [info] Server run command: /bin/python /home/1nuno/.vscode/extensions/ms-python.black-formatter-2024.0.0/bundled/tool/lsp_server.py
2024-02-03 19:48:12.528 [info] Server: Start requested.
2024-02-03 19:48:12.760 [info] CWD Server: /home/1nuno/Desktop/personal
2024-02-03 19:48:12.763 [info] /bin/python -m black --version
2024-02-03 19:48:12.763 [info] CWD formatter: /home/1nuno/Desktop/personal
2024-02-03 19:48:12.851 [info] Version info for formatter running for /home/1nuno/Desktop/personal:
black, 24.1.1 (compiled: no)
Python (CPython) 3.11.7

2024-02-03 19:48:12.851 [info] SUPPORTED black>=22.3.0
FOUND black==24.1.1

2024-02-03 19:48:12.851 [info] Settings used to run Server:
[
    {
        "cwd": "/home/1nuno/Desktop/personal",
        "workspace": "file:///home/1nuno/Desktop/personal",
        "args": [],
        "path": [],
        "interpreter": [
            "/bin/python"
        ],
        "importStrategy": "useBundled",
        "showNotifications": "off"
    }
]

2024-02-03 19:48:12.851 [info] Global settings:
{
    "cwd": "/home/1nuno",
    "workspace": "/home/1nuno",
    "args": [],
    "path": [],
    "interpreter": [],
    "importStrategy": "useBundled",
    "showNotifications": "off"
}

2024-02-03 19:48:12.851 [info] sys.path used to run Server:
   /home/1nuno/.vscode/extensions/ms-python.black-formatter-2024.0.0/bundled/libs
   /home/1nuno/.vscode/extensions/ms-python.black-formatter-2024.0.0/bundled/tool
   /usr/lib64/python311.zip
   /usr/lib64/python3.11
   /usr/lib64/python3.11/lib-dynload
   /home/1nuno/.local/lib/python3.11/site-packages
   /usr/lib64/python3.11/site-packages
   /usr/lib/python3.11/site-packages
2024-02-03 19:48:19.894 [info] [Trace - 7:48:19 PM] Sending request 'shutdown - (1)'.
2024-02-03 19:48:19.901 [info] [Trace - 7:48:19 PM] Received response 'shutdown - (1)' in 10ms.
2024-02-03 19:48:19.901 [info] [Trace - 7:48:19 PM] Sending notification 'exit'.
2024-02-03 19:48:22.015 [info] Name: Black Formatter
2024-02-03 19:48:22.015 [info] Module: black
2024-02-03 19:48:22.015 [info] Default formatter is set to ms-python.black-formatter for workspace /home/1nuno/Desktop/personal
2024-02-03 19:48:22.015 [info] Python extension loading
2024-02-03 19:48:22.015 [info] Waiting for interpreter from python extension.
2024-02-03 19:48:22.015 [info] No interpreter found from setting black-formatter.interpreter
2024-02-03 19:48:22.015 [info] Getting interpreter from ms-python.python extension for workspace /home/1nuno/Desktop/personal
2024-02-03 19:48:22.015 [info] Python extension loaded
2024-02-03 19:48:22.015 [info] Interpreter from ms-python.python extension for /home/1nuno/Desktop/personal: /bin/python
2024-02-03 19:48:22.015 [info] No interpreter found from setting black-formatter.interpreter
2024-02-03 19:48:22.015 [info] Getting interpreter from ms-python.python extension for workspace /home/1nuno/Desktop/personal
2024-02-03 19:48:22.015 [info] Interpreter from ms-python.python extension for /home/1nuno/Desktop/personal: /bin/python
2024-02-03 19:48:22.015 [info] Server run command: /bin/python /home/1nuno/.vscode/extensions/ms-python.black-formatter-2024.0.0/bundled/tool/lsp_server.py
2024-02-03 19:48:22.015 [info] Server: Start requested.
2024-02-03 19:48:22.247 [info] CWD Server: /home/1nuno/Desktop/personal
2024-02-03 19:48:22.249 [info] /bin/python -m black --version
2024-02-03 19:48:22.249 [info] CWD formatter: /home/1nuno/Desktop/personal
2024-02-03 19:48:22.321 [info] Version info for formatter running for /home/1nuno/Desktop/personal:
black, 24.1.1 (compiled: no)
Python (CPython) 3.11.7

2024-02-03 19:48:22.321 [info] SUPPORTED black>=22.3.0
FOUND black==24.1.1

2024-02-03 19:48:22.321 [info] Settings used to run Server:
[
    {
        "cwd": "/home/1nuno/Desktop/personal",
        "workspace": "file:///home/1nuno/Desktop/personal",
        "args": [],
        "path": [],
        "interpreter": [
            "/bin/python"
        ],
        "importStrategy": "useBundled",
        "showNotifications": "off"
    }
]

2024-02-03 19:48:22.321 [info] Global settings:
{
    "cwd": "/home/1nuno",
    "workspace": "/home/1nuno",
    "args": [],
    "path": [],
    "interpreter": [],
    "importStrategy": "useBundled",
    "showNotifications": "off"
}

2024-02-03 19:48:22.322 [info] sys.path used to run Server:
   /home/1nuno/.vscode/extensions/ms-python.black-formatter-2024.0.0/bundled/libs
   /home/1nuno/.vscode/extensions/ms-python.black-formatter-2024.0.0/bundled/tool
   /usr/lib64/python311.zip
   /usr/lib64/python3.11
   /usr/lib64/python3.11/lib-dynload
   /home/1nuno/.local/lib/python3.11/site-packages
   /usr/lib64/python3.11/site-packages
   /usr/lib/python3.11/site-packages
