2024-02-03 17:38:11.722 [info] Added views:workbench.panel.markers.view in workbench.panel.markers
2024-02-03 17:38:11.722 [info] Added views:workbench.panel.output in workbench.panel.output
2024-02-03 17:38:11.722 [info] Added views:terminal in terminal
2024-02-03 17:38:11.722 [info] Added views:workbench.scm in workbench.view.scm
2024-02-03 17:38:11.722 [info] Added views:workbench.view.search in workbench.view.search
2024-02-03 17:38:11.722 [info] Added views:workbench.explorer.fileView in workbench.view.explorer
2024-02-03 17:38:11.848 [info] Added views:workbench.debug.welcome in workbench.view.debug
2024-02-03 17:38:12.239 [info] Added views:workbench.panel.repl.view in workbench.panel.repl
2024-02-03 17:38:12.706 [info] Added views:~remote.forwardedPorts in ~remote.forwardedPortsContainer
2024-02-03 17:54:59.342 [info] Added views:workbench.panel.markers.view in workbench.panel.markers
2024-02-03 17:54:59.342 [info] Added views:workbench.panel.output in workbench.panel.output
2024-02-03 17:54:59.342 [info] Added views:terminal in terminal
2024-02-03 17:54:59.342 [info] Added views:workbench.scm in workbench.view.scm
2024-02-03 17:54:59.342 [info] Added views:workbench.view.search in workbench.view.search
2024-02-03 17:54:59.342 [info] Added views:workbench.explorer.emptyView in workbench.view.explorer
2024-02-03 17:54:59.766 [info] Added views:workbench.debug.variablesView,workbench.debug.watchExpressionsView,workbench.debug.callStackView in workbench.view.debug
2024-02-03 17:54:59.779 [info] Added views:workbench.panel.repl.view in workbench.panel.repl
2024-02-03 17:54:59.780 [info] Removed views:workbench.debug.callStackView,workbench.debug.watchExpressionsView,workbench.debug.variablesView from workbench.view.debug
2024-02-03 17:54:59.780 [info] Added views:workbench.debug.welcome in workbench.view.debug
2024-02-03 17:54:59.906 [info] Added views:~remote.forwardedPorts in ~remote.forwardedPortsContainer
2024-02-03 17:55:19.241 [info] Added views:workbench.explorer.fileView in workbench.view.explorer
2024-02-03 17:55:19.244 [info] Removed views:workbench.explorer.emptyView from workbench.view.explorer
2024-02-03 17:55:19.534 [info] Removed views:workbench.panel.repl.view from workbench.panel.repl
2024-02-03 17:55:19.648 [info] Added views:workbench.panel.repl.view in workbench.panel.repl
2024-02-03 17:55:20.068 [info] Added views:workbench.view.testing in workbench.view.extension.test
