2024-02-01 01:03:53.609 [info] Log level: Info
2024-02-01 01:03:53.610 [info] Validating found git in: "git"
2024-02-01 01:03:53.610 [info] Using git "2.43.0" from "git"
2024-02-01 01:08:08.295 [info] Log level: Info
2024-02-01 01:08:08.295 [info] Validating found git in: "git"
2024-02-01 01:08:08.295 [info] Using git "2.43.0" from "git"
2024-02-01 01:08:08.295 [info] > git rev-parse --show-toplevel [8ms]
2024-02-01 01:08:08.295 [info] fatal: not a git repository (or any parent up to mount point /)
Stopping at filesystem boundary (GIT_DISCOVERY_ACROSS_FILESYSTEM not set).
2024-02-01 10:47:54.223 [info] > git rev-parse --show-toplevel [2ms]
2024-02-01 10:47:54.223 [info] fatal: not a git repository (or any parent up to mount point /)
Stopping at filesystem boundary (GIT_DISCOVERY_ACROSS_FILESYSTEM not set).
2024-02-01 10:52:30.974 [info] > git rev-parse --show-toplevel [98ms]
2024-02-01 10:52:30.974 [info] fatal: not a git repository (or any parent up to mount point /)
Stopping at filesystem boundary (GIT_DISCOVERY_ACROSS_FILESYSTEM not set).
2024-02-01 10:52:30.992 [info] > git rev-parse --show-toplevel [2ms]
2024-02-01 10:52:30.992 [info] fatal: not a git repository (or any parent up to mount point /)
Stopping at filesystem boundary (GIT_DISCOVERY_ACROSS_FILESYSTEM not set).
2024-02-01 10:52:47.107 [info] > git rev-parse --show-toplevel [4ms]
2024-02-01 10:52:47.107 [info] fatal: not a git repository (or any parent up to mount point /)
Stopping at filesystem boundary (GIT_DISCOVERY_ACROSS_FILESYSTEM not set).
2024-02-01 10:53:03.656 [info] > git rev-parse --show-toplevel [3ms]
2024-02-01 10:53:03.656 [info] fatal: not a git repository (or any parent up to mount point /)
Stopping at filesystem boundary (GIT_DISCOVERY_ACROSS_FILESYSTEM not set).
2024-02-01 10:55:58.323 [info] > git rev-parse --show-toplevel [4ms]
2024-02-01 10:55:58.323 [info] fatal: not a git repository (or any parent up to mount point /)
Stopping at filesystem boundary (GIT_DISCOVERY_ACROSS_FILESYSTEM not set).
2024-02-01 10:55:58.639 [info] > git rev-parse --show-toplevel [2ms]
2024-02-01 10:55:58.639 [info] fatal: not a git repository (or any parent up to mount point /)
Stopping at filesystem boundary (GIT_DISCOVERY_ACROSS_FILESYSTEM not set).
2024-02-01 10:56:07.318 [info] > git rev-parse --show-toplevel [3ms]
2024-02-01 10:56:07.318 [info] fatal: not a git repository (or any parent up to mount point /)
Stopping at filesystem boundary (GIT_DISCOVERY_ACROSS_FILESYSTEM not set).
2024-02-01 10:56:28.959 [info] > git rev-parse --show-toplevel [2ms]
2024-02-01 10:56:28.959 [info] fatal: not a git repository (or any parent up to mount point /)
Stopping at filesystem boundary (GIT_DISCOVERY_ACROSS_FILESYSTEM not set).
2024-02-01 11:25:06.412 [info] > git rev-parse --show-toplevel [3ms]
2024-02-01 11:25:06.412 [info] fatal: not a git repository (or any parent up to mount point /)
Stopping at filesystem boundary (GIT_DISCOVERY_ACROSS_FILESYSTEM not set).
2024-02-01 11:25:41.687 [info] > git rev-parse --show-toplevel [1ms]
2024-02-01 11:25:41.687 [info] fatal: not a git repository (or any parent up to mount point /)
Stopping at filesystem boundary (GIT_DISCOVERY_ACROSS_FILESYSTEM not set).
