2024-02-01 01:03:53.673 [error] undefined missing 'after' key or 'commands'.
2024-02-01 01:03:53.673 [error] Remapping of 'undefined' should be a string array.
2024-02-01 01:03:53.906 [info] Configuration changed
2024-02-01 01:03:53.909 [error] undefined missing 'after' key or 'commands'.
2024-02-01 01:03:53.909 [error] Remapping of 'undefined' should be a string array.
2024-02-01 01:08:08.245 [error] undefined missing 'after' key or 'commands'.
2024-02-01 01:08:08.246 [error] Remapping of 'undefined' should be a string array.
2024-02-01 10:47:54.207 [info] Active editor: file:///home/1nuno/Desktop/learn_c/hello_world.c
2024-02-01 10:52:30.828 [info] Configuration changed
2024-02-01 10:52:30.834 [error] undefined missing 'after' key or 'commands'.
2024-02-01 10:52:30.834 [error] Remapping of 'undefined' should be a string array.
2024-02-01 10:52:30.853 [info] Configuration changed
2024-02-01 10:52:30.856 [error] undefined missing 'after' key or 'commands'.
2024-02-01 10:52:30.856 [error] Remapping of 'undefined' should be a string array.
2024-02-01 10:52:47.082 [info] Active editor: file:///home/1nuno/Desktop/learn_c/hello_world.c
2024-02-01 10:53:03.541 [info] /home/1nuno/.config/Code/User/settings.json closed
2024-02-01 10:53:03.566 [info] Configuration changed
2024-02-01 10:53:03.569 [error] undefined missing 'after' key or 'commands'.
2024-02-01 10:53:03.569 [error] Remapping of 'undefined' should be a string array.
2024-02-01 10:55:58.307 [info] Active editor: file:///home/1nuno/Desktop/learn_c/.vscode/launch.json
2024-02-01 10:55:58.599 [info] Configuration changed
2024-02-01 10:55:58.601 [error] undefined missing 'after' key or 'commands'.
2024-02-01 10:55:58.601 [error] Remapping of 'undefined' should be a string array.
2024-02-01 10:56:07.302 [info] Active editor: file:///home/1nuno/Desktop/learn_c/hello_world.c
2024-02-01 10:56:28.703 [info] /home/1nuno/Desktop/learn_c/.vscode/launch.json closed
2024-02-01 10:56:28.928 [info] Configuration changed
2024-02-01 10:56:28.930 [error] undefined missing 'after' key or 'commands'.
2024-02-01 10:56:28.930 [error] Remapping of 'undefined' should be a string array.
2024-02-01 10:58:58.473 [info] /launch closed
2024-02-01 11:10:39.752 [info] Executing :w
2024-02-01 11:25:06.391 [info] Active editor: file:///home/1nuno/Desktop/learn_c/a.out
2024-02-01 11:25:41.654 [info] /home/1nuno/Desktop/learn_c/a.out closed
2024-02-01 11:25:41.667 [info] Active editor: file:///home/1nuno/Desktop/learn_c/hello_world.c
