2024-02-03 20:10:03.806 [info] Log level: Info
2024-02-03 20:10:03.806 [info] Validating found git in: "git"
2024-02-03 20:10:03.806 [info] Using git "2.43.0" from "git"
2024-02-03 20:10:03.806 [info] > git rev-parse --show-toplevel [4ms]
2024-02-03 20:10:03.806 [info] fatal: not a git repository (or any parent up to mount point /)
Stopping at filesystem boundary (GIT_DISCOVERY_ACROSS_FILESYSTEM not set).
2024-02-03 20:10:03.806 [info] > git rev-parse --show-toplevel [30ms]
2024-02-03 20:10:03.806 [info] fatal: not a git repository (or any parent up to mount point /)
Stopping at filesystem boundary (GIT_DISCOVERY_ACROSS_FILESYSTEM not set).
2024-02-03 20:10:03.806 [info] > git rev-parse --show-toplevel [2ms]
2024-02-03 20:10:03.806 [info] fatal: not a git repository (or any parent up to mount point /)
Stopping at filesystem boundary (GIT_DISCOVERY_ACROSS_FILESYSTEM not set).
2024-02-03 20:10:03.838 [info] > git rev-parse --show-toplevel [3ms]
2024-02-03 20:10:03.838 [info] fatal: not a git repository (or any parent up to mount point /)
Stopping at filesystem boundary (GIT_DISCOVERY_ACROSS_FILESYSTEM not set).
2024-02-03 20:10:03.876 [info] > git rev-parse --show-toplevel [19ms]
2024-02-03 20:10:03.876 [info] fatal: not a git repository (or any parent up to mount point /)
Stopping at filesystem boundary (GIT_DISCOVERY_ACROSS_FILESYSTEM not set).
2024-02-03 20:10:03.894 [info] > git rev-parse --show-toplevel [10ms]
2024-02-03 20:10:03.894 [info] fatal: not a git repository (or any parent up to mount point /)
Stopping at filesystem boundary (GIT_DISCOVERY_ACROSS_FILESYSTEM not set).
2024-02-03 20:10:03.925 [info] > git rev-parse --show-toplevel [8ms]
2024-02-03 20:10:03.925 [info] fatal: not a git repository (or any parent up to mount point /)
Stopping at filesystem boundary (GIT_DISCOVERY_ACROSS_FILESYSTEM not set).
