2024-02-03 17:38:12.471 [error] undefined missing 'after' key or 'commands'.
2024-02-03 17:38:12.471 [error] Remapping of 'undefined' should be a string array.
2024-02-03 17:38:12.565 [info] Configuration changed
2024-02-03 17:38:12.567 [error] undefined missing 'after' key or 'commands'.
2024-02-03 17:38:12.567 [error] Remapping of 'undefined' should be a string array.
2024-02-03 17:38:12.695 [info] Configuration changed
2024-02-03 17:38:12.697 [error] undefined missing 'after' key or 'commands'.
2024-02-03 17:38:12.697 [error] Remapping of 'undefined' should be a string array.
2024-02-03 17:38:12.953 [info] Configuration changed
2024-02-03 17:38:12.955 [error] undefined missing 'after' key or 'commands'.
2024-02-03 17:38:12.955 [error] Remapping of 'undefined' should be a string array.
2024-02-03 17:38:22.751 [info] Configuration changed
2024-02-03 17:38:22.753 [error] undefined missing 'after' key or 'commands'.
2024-02-03 17:38:22.753 [error] Remapping of 'undefined' should be a string array.
2024-02-03 17:54:35.474 [info] /home/1nuno/Desktop/mitteny/Drawing.json closed
2024-02-03 17:55:00.164 [error] undefined missing 'after' key or 'commands'.
2024-02-03 17:55:00.164 [error] Remapping of 'undefined' should be a string array.
2024-02-03 17:55:01.614 [info] Configuration changed
2024-02-03 17:55:01.616 [error] undefined missing 'after' key or 'commands'.
2024-02-03 17:55:01.616 [error] Remapping of 'undefined' should be a string array.
2024-02-03 17:55:01.925 [info] Configuration changed
2024-02-03 17:55:01.927 [error] undefined missing 'after' key or 'commands'.
2024-02-03 17:55:01.927 [error] Remapping of 'undefined' should be a string array.
2024-02-03 17:55:19.742 [error] undefined missing 'after' key or 'commands'.
2024-02-03 17:55:19.742 [error] Remapping of 'undefined' should be a string array.
2024-02-03 17:55:23.025 [info] Active editor: file:///home/1nuno/Desktop/personal/linux.txt
2024-02-03 18:33:00.690 [info] /home/1nuno/.config/Code/User/settings.json closed
2024-02-03 18:33:00.716 [info] Configuration changed
2024-02-03 18:33:00.718 [error] undefined missing 'after' key or 'commands'.
2024-02-03 18:33:00.718 [error] Remapping of 'undefined' should be a string array.
2024-02-03 18:33:00.876 [info] /home/1nuno/.config/Code/User/settings.json closed
2024-02-03 18:33:00.899 [info] Configuration changed
2024-02-03 18:33:00.902 [error] undefined missing 'after' key or 'commands'.
2024-02-03 18:33:00.902 [error] Remapping of 'undefined' should be a string array.
2024-02-03 18:33:01.058 [info] /home/1nuno/.config/Code/User/settings.json closed
2024-02-03 18:33:01.075 [info] Configuration changed
2024-02-03 18:33:01.076 [error] undefined missing 'after' key or 'commands'.
2024-02-03 18:33:01.076 [error] Remapping of 'undefined' should be a string array.
2024-02-03 18:33:03.936 [info] /home/1nuno/.config/Code/User/settings.json closed
2024-02-03 18:33:03.948 [info] Configuration changed
2024-02-03 18:33:03.950 [error] undefined missing 'after' key or 'commands'.
2024-02-03 18:33:03.950 [error] Remapping of 'undefined' should be a string array.
2024-02-03 18:33:04.151 [info] /home/1nuno/.config/Code/User/settings.json closed
2024-02-03 18:33:04.166 [info] Configuration changed
2024-02-03 18:33:04.167 [error] undefined missing 'after' key or 'commands'.
2024-02-03 18:33:04.167 [error] Remapping of 'undefined' should be a string array.
2024-02-03 18:33:04.363 [info] /home/1nuno/.config/Code/User/settings.json closed
2024-02-03 18:33:04.377 [info] Configuration changed
2024-02-03 18:33:04.379 [error] undefined missing 'after' key or 'commands'.
2024-02-03 18:33:04.379 [error] Remapping of 'undefined' should be a string array.
2024-02-03 18:33:04.534 [info] /home/1nuno/.config/Code/User/settings.json closed
2024-02-03 18:33:04.548 [info] Configuration changed
2024-02-03 18:33:04.549 [error] undefined missing 'after' key or 'commands'.
2024-02-03 18:33:04.549 [error] Remapping of 'undefined' should be a string array.
2024-02-03 18:33:04.704 [info] /home/1nuno/.config/Code/User/settings.json closed
2024-02-03 18:33:04.716 [info] Configuration changed
2024-02-03 18:33:04.719 [error] undefined missing 'after' key or 'commands'.
2024-02-03 18:33:04.719 [error] Remapping of 'undefined' should be a string array.
2024-02-03 18:33:06.084 [info] /home/1nuno/.config/Code/User/settings.json closed
2024-02-03 18:33:06.099 [info] Configuration changed
2024-02-03 18:33:06.100 [error] undefined missing 'after' key or 'commands'.
2024-02-03 18:33:06.100 [error] Remapping of 'undefined' should be a string array.
2024-02-03 18:33:06.520 [info] /home/1nuno/.config/Code/User/settings.json closed
2024-02-03 18:33:06.531 [info] Configuration changed
2024-02-03 18:33:06.533 [error] undefined missing 'after' key or 'commands'.
2024-02-03 18:33:06.533 [error] Remapping of 'undefined' should be a string array.
2024-02-03 18:33:07.196 [info] /home/1nuno/.config/Code/User/settings.json closed
2024-02-03 18:33:07.207 [info] Configuration changed
2024-02-03 18:33:07.209 [error] undefined missing 'after' key or 'commands'.
2024-02-03 18:33:07.209 [error] Remapping of 'undefined' should be a string array.
2024-02-03 18:33:07.429 [info] /home/1nuno/.config/Code/User/settings.json closed
2024-02-03 18:33:07.442 [info] Configuration changed
2024-02-03 18:33:07.443 [error] undefined missing 'after' key or 'commands'.
2024-02-03 18:33:07.443 [error] Remapping of 'undefined' should be a string array.
2024-02-03 18:33:07.841 [info] /home/1nuno/.config/Code/User/settings.json closed
2024-02-03 18:33:07.852 [info] Configuration changed
2024-02-03 18:33:07.853 [error] undefined missing 'after' key or 'commands'.
2024-02-03 18:33:07.853 [error] Remapping of 'undefined' should be a string array.
2024-02-03 18:33:09.018 [info] /home/1nuno/.config/Code/User/settings.json closed
2024-02-03 18:33:09.030 [info] Configuration changed
2024-02-03 18:33:09.031 [error] undefined missing 'after' key or 'commands'.
2024-02-03 18:33:09.031 [error] Remapping of 'undefined' should be a string array.
2024-02-03 18:33:09.234 [info] /home/1nuno/.config/Code/User/settings.json closed
2024-02-03 18:33:09.248 [info] Configuration changed
2024-02-03 18:33:09.249 [error] undefined missing 'after' key or 'commands'.
2024-02-03 18:33:09.249 [error] Remapping of 'undefined' should be a string array.
2024-02-03 18:33:11.462 [info] /home/1nuno/.config/Code/User/settings.json closed
2024-02-03 18:33:11.474 [info] Configuration changed
2024-02-03 18:33:11.475 [error] undefined missing 'after' key or 'commands'.
2024-02-03 18:33:11.475 [error] Remapping of 'undefined' should be a string array.
2024-02-03 18:33:11.678 [info] /home/1nuno/.config/Code/User/settings.json closed
2024-02-03 18:33:11.690 [info] Configuration changed
2024-02-03 18:33:11.692 [error] undefined missing 'after' key or 'commands'.
2024-02-03 18:33:11.692 [error] Remapping of 'undefined' should be a string array.
2024-02-03 18:33:11.886 [info] /home/1nuno/.config/Code/User/settings.json closed
2024-02-03 18:33:11.901 [info] Configuration changed
2024-02-03 18:33:11.903 [error] undefined missing 'after' key or 'commands'.
2024-02-03 18:33:11.903 [error] Remapping of 'undefined' should be a string array.
2024-02-03 18:33:12.098 [info] /home/1nuno/.config/Code/User/settings.json closed
2024-02-03 18:33:12.111 [info] Configuration changed
2024-02-03 18:33:12.112 [error] undefined missing 'after' key or 'commands'.
2024-02-03 18:33:12.112 [error] Remapping of 'undefined' should be a string array.
2024-02-03 18:33:12.878 [info] /home/1nuno/.config/Code/User/settings.json closed
2024-02-03 18:33:12.889 [info] Configuration changed
2024-02-03 18:33:12.890 [error] undefined missing 'after' key or 'commands'.
2024-02-03 18:33:12.890 [error] Remapping of 'undefined' should be a string array.
2024-02-03 18:33:13.716 [info] /home/1nuno/.config/Code/User/settings.json closed
2024-02-03 18:33:13.728 [info] Configuration changed
2024-02-03 18:33:13.729 [error] undefined missing 'after' key or 'commands'.
2024-02-03 18:33:13.729 [error] Remapping of 'undefined' should be a string array.
2024-02-03 18:33:13.966 [info] /home/1nuno/.config/Code/User/settings.json closed
2024-02-03 18:33:13.978 [info] Configuration changed
2024-02-03 18:33:13.979 [error] undefined missing 'after' key or 'commands'.
2024-02-03 18:33:13.979 [error] Remapping of 'undefined' should be a string array.
2024-02-03 18:33:14.297 [info] /home/1nuno/.config/Code/User/settings.json closed
2024-02-03 18:33:14.308 [info] Configuration changed
2024-02-03 18:33:14.309 [error] undefined missing 'after' key or 'commands'.
2024-02-03 18:33:14.309 [error] Remapping of 'undefined' should be a string array.
2024-02-03 18:33:14.535 [info] /home/1nuno/.config/Code/User/settings.json closed
2024-02-03 18:33:14.551 [info] Configuration changed
2024-02-03 18:33:14.552 [error] undefined missing 'after' key or 'commands'.
2024-02-03 18:33:14.552 [error] Remapping of 'undefined' should be a string array.
2024-02-03 18:33:14.728 [info] /home/1nuno/.config/Code/User/settings.json closed
2024-02-03 18:33:14.741 [info] Configuration changed
2024-02-03 18:33:14.742 [error] undefined missing 'after' key or 'commands'.
2024-02-03 18:33:14.742 [error] Remapping of 'undefined' should be a string array.
2024-02-03 18:33:14.955 [info] /home/1nuno/.config/Code/User/settings.json closed
2024-02-03 18:33:14.970 [info] Configuration changed
2024-02-03 18:33:14.971 [error] undefined missing 'after' key or 'commands'.
2024-02-03 18:33:14.971 [error] Remapping of 'undefined' should be a string array.
2024-02-03 18:33:15.163 [info] /home/1nuno/.config/Code/User/settings.json closed
2024-02-03 18:33:15.178 [info] Configuration changed
2024-02-03 18:33:15.179 [error] undefined missing 'after' key or 'commands'.
2024-02-03 18:33:15.179 [error] Remapping of 'undefined' should be a string array.
2024-02-03 18:33:18.845 [info] /home/1nuno/.config/Code/User/settings.json closed
2024-02-03 18:33:18.857 [info] Configuration changed
2024-02-03 18:33:18.859 [error] undefined missing 'after' key or 'commands'.
2024-02-03 18:33:18.859 [error] Remapping of 'undefined' should be a string array.
2024-02-03 18:33:19.675 [info] /home/1nuno/.config/Code/User/settings.json closed
2024-02-03 18:33:19.685 [info] Configuration changed
2024-02-03 18:33:19.686 [error] undefined missing 'after' key or 'commands'.
2024-02-03 18:33:19.686 [error] Remapping of 'undefined' should be a string array.
